2023-04-15T12:26:19.722+01:00  INFO 10516 --- [main] c.e.spring_app.SpringAppApplication      : Starting SpringAppApplication using Java 20 with PID 10516 (C:\Users\Seifeddine Marzouga\Desktop\Microservices\microservice_author\target\classes started by Seifeddine Marzouga in C:\Users\Seifeddine Marzouga\Desktop\Microservices\microservice_author)
2023-04-15T12:26:19.756+01:00  INFO 10516 --- [main] c.e.spring_app.SpringAppApplication      : No active profile set, falling back to 1 default profile: "default"
2023-04-15T12:26:21.776+01:00  INFO 10516 --- [main] .s.d.r.c.RepositoryConfigurationDelegate : Bootstrapping Spring Data MongoDB repositories in DEFAULT mode.
2023-04-15T12:26:22.039+01:00  INFO 10516 --- [main] .s.d.r.c.RepositoryConfigurationDelegate : Finished Spring Data repository scanning in 248 ms. Found 1 MongoDB repository interfaces.
2023-04-15T12:26:22.517+01:00  INFO 10516 --- [main] o.s.cloud.context.scope.GenericScope     : BeanFactory id=ac5565a4-2d29-3b79-8a3c-b76fe0900329
2023-04-15T12:26:22.632+01:00  INFO 10516 --- [main] trationDelegate$BeanPostProcessorChecker : Bean 'org.springframework.cloud.client.loadbalancer.reactive.LoadBalancerBeanPostProcessorAutoConfiguration' of type [org.springframework.cloud.client.loadbalancer.reactive.LoadBalancerBeanPostProcessorAutoConfiguration] is not eligible for getting processed by all BeanPostProcessors (for example: not eligible for auto-proxying)
2023-04-15T12:26:22.633+01:00  INFO 10516 --- [main] trationDelegate$BeanPostProcessorChecker : Bean 'org.springframework.cloud.client.loadbalancer.reactive.LoadBalancerBeanPostProcessorAutoConfiguration$ReactorDeferringLoadBalancerFilterConfig' of type [org.springframework.cloud.client.loadbalancer.reactive.LoadBalancerBeanPostProcessorAutoConfiguration$ReactorDeferringLoadBalancerFilterConfig] is not eligible for getting processed by all BeanPostProcessors (for example: not eligible for auto-proxying)
2023-04-15T12:26:22.635+01:00  INFO 10516 --- [main] trationDelegate$BeanPostProcessorChecker : Bean 'reactorDeferringLoadBalancerExchangeFilterFunction' of type [org.springframework.cloud.client.loadbalancer.reactive.DeferringLoadBalancerExchangeFilterFunction] is not eligible for getting processed by all BeanPostProcessors (for example: not eligible for auto-proxying)
2023-04-15T12:26:23.145+01:00  INFO 10516 --- [main] o.s.b.w.embedded.tomcat.TomcatWebServer  : Tomcat initialized with port(s): 8001 (http)
2023-04-15T12:26:23.157+01:00  INFO 10516 --- [main] o.apache.catalina.core.StandardService   : Starting service [Tomcat]
2023-04-15T12:26:23.157+01:00  INFO 10516 --- [main] o.apache.catalina.core.StandardEngine    : Starting Servlet engine: [Apache Tomcat/10.1.5]
2023-04-15T12:26:23.374+01:00  INFO 10516 --- [main] o.a.c.c.C.[Tomcat].[localhost].[/]       : Initializing Spring embedded WebApplicationContext
2023-04-15T12:26:23.375+01:00  INFO 10516 --- [main] w.s.c.ServletWebServerApplicationContext : Root WebApplicationContext: initialization completed in 3482 ms
2023-04-15T12:26:23.904+01:00  INFO 10516 --- [main] org.mongodb.driver.client                : MongoClient with metadata {"driver": {"name": "mongo-java-driver|sync|spring-boot", "version": "4.8.2"}, "os": {"type": "Windows", "name": "Windows 11", "architecture": "amd64", "version": "10.0"}, "platform": "Java/Oracle Corporation/20+36-2344"} created with settings MongoClientSettings{readPreference=primary, writeConcern=WriteConcern{w=null, wTimeout=null ms, journal=null}, retryWrites=true, retryReads=true, readConcern=ReadConcern{level=null}, credential=MongoCredential{mechanism=null, userName='marzougasaif', source='admin', password=<hidden>, mechanismProperties=<hidden>}, streamFactoryFactory=null, commandListeners=[], codecRegistry=ProvidersCodecRegistry{codecProviders=[ValueCodecProvider{}, BsonValueCodecProvider{}, DBRefCodecProvider{}, DBObjectCodecProvider{}, DocumentCodecProvider{}, CollectionCodecProvider{}, IterableCodecProvider{}, MapCodecProvider{}, GeoJsonCodecProvider{}, GridFSFileCodecProvider{}, Jsr310CodecProvider{}, JsonObjectCodecProvider{}, BsonCodecProvider{}, EnumCodecProvider{}, com.mongodb.Jep395RecordCodecProvider@451e2fa9]}, clusterSettings={hosts=[127.0.0.1:27017], srvHost=cluster0.vx7fxsv.mongodb.net, srvServiceName=mongodb, mode=MULTIPLE, requiredClusterType=REPLICA_SET, requiredReplicaSetName='atlas-ijvogm-shard-0', serverSelector='null', clusterListeners='[]', serverSelectionTimeout='30000 ms', localThreshold='30000 ms'}, socketSettings=SocketSettings{connectTimeoutMS=10000, readTimeoutMS=0, receiveBufferSize=0, sendBufferSize=0}, heartbeatSocketSettings=SocketSettings{connectTimeoutMS=10000, readTimeoutMS=10000, receiveBufferSize=0, sendBufferSize=0}, connectionPoolSettings=ConnectionPoolSettings{maxSize=100, minSize=0, maxWaitTimeMS=120000, maxConnectionLifeTimeMS=0, maxConnectionIdleTimeMS=0, maintenanceInitialDelayMS=0, maintenanceFrequencyMS=60000, connectionPoolListeners=[], maxConnecting=2}, serverSettings=ServerSettings{heartbeatFrequencyMS=10000, minHeartbeatFrequencyMS=500, serverListeners='[]', serverMonitorListeners='[]'}, sslSettings=SslSettings{enabled=true, invalidHostNameAllowed=false, context=null}, applicationName='null', compressorList=[], uuidRepresentation=JAVA_LEGACY, serverApi=null, autoEncryptionSettings=null, contextProvider=null}
2023-04-15T12:26:23.976+01:00  INFO 10516 --- [cluster-ClusterId{value='643a89dfadc0eb3bdee15961', description='null'}-srv-cluster0.vx7fxsv.mongodb.net] org.mongodb.driver.cluster               : Adding discovered server ac-ta994fm-shard-00-00.vx7fxsv.mongodb.net:27017 to client view of cluster
2023-04-15T12:26:24.063+01:00  INFO 10516 --- [cluster-ClusterId{value='643a89dfadc0eb3bdee15961', description='null'}-srv-cluster0.vx7fxsv.mongodb.net] org.mongodb.driver.cluster               : Adding discovered server ac-ta994fm-shard-00-01.vx7fxsv.mongodb.net:27017 to client view of cluster
2023-04-15T12:26:24.064+01:00  INFO 10516 --- [cluster-ClusterId{value='643a89dfadc0eb3bdee15961', description='null'}-srv-cluster0.vx7fxsv.mongodb.net] org.mongodb.driver.cluster               : Adding discovered server ac-ta994fm-shard-00-02.vx7fxsv.mongodb.net:27017 to client view of cluster
2023-04-15T12:26:25.315+01:00  INFO 10516 --- [cluster-ClusterId{value='643a89dfadc0eb3bdee15961', description='null'}-ac-ta994fm-shard-00-00.vx7fxsv.mongodb.net:27017] org.mongodb.driver.cluster               : Monitor thread successfully connected to server with description ServerDescription{address=ac-ta994fm-shard-00-00.vx7fxsv.mongodb.net:27017, type=REPLICA_SET_SECONDARY, state=CONNECTED, ok=true, minWireVersion=0, maxWireVersion=17, maxDocumentSize=16777216, logicalSessionTimeoutMinutes=30, roundTripTimeNanos=780613100, setName='atlas-ijvogm-shard-0', canonicalAddress=ac-ta994fm-shard-00-00.vx7fxsv.mongodb.net:27017, hosts=[ac-ta994fm-shard-00-00.vx7fxsv.mongodb.net:27017, ac-ta994fm-shard-00-02.vx7fxsv.mongodb.net:27017, ac-ta994fm-shard-00-01.vx7fxsv.mongodb.net:27017], passives=[], arbiters=[], primary='ac-ta994fm-shard-00-01.vx7fxsv.mongodb.net:27017', tagSet=TagSet{[Tag{name='nodeType', value='ELECTABLE'}, Tag{name='provider', value='AWS'}, Tag{name='region', value='US_EAST_1'}, Tag{name='workloadType', value='OPERATIONAL'}]}, electionId=null, setVersion=7, topologyVersion=TopologyVersion{processId=64394f71d84ed0da562cc6a2, counter=4}, lastWriteDate=Sat Apr 15 12:26:25 WAT 2023, lastUpdateTimeNanos=448016991780700}
2023-04-15T12:26:25.315+01:00  INFO 10516 --- [cluster-ClusterId{value='643a89dfadc0eb3bdee15961', description='null'}-ac-ta994fm-shard-00-02.vx7fxsv.mongodb.net:27017] org.mongodb.driver.cluster               : Monitor thread successfully connected to server with description ServerDescription{address=ac-ta994fm-shard-00-02.vx7fxsv.mongodb.net:27017, type=REPLICA_SET_SECONDARY, state=CONNECTED, ok=true, minWireVersion=0, maxWireVersion=17, maxDocumentSize=16777216, logicalSessionTimeoutMinutes=30, roundTripTimeNanos=780613300, setName='atlas-ijvogm-shard-0', canonicalAddress=ac-ta994fm-shard-00-02.vx7fxsv.mongodb.net:27017, hosts=[ac-ta994fm-shard-00-00.vx7fxsv.mongodb.net:27017, ac-ta994fm-shard-00-02.vx7fxsv.mongodb.net:27017, ac-ta994fm-shard-00-01.vx7fxsv.mongodb.net:27017], passives=[], arbiters=[], primary='ac-ta994fm-shard-00-01.vx7fxsv.mongodb.net:27017', tagSet=TagSet{[Tag{name='nodeType', value='ELECTABLE'}, Tag{name='provider', value='AWS'}, Tag{name='region', value='US_EAST_1'}, Tag{name='workloadType', value='OPERATIONAL'}]}, electionId=null, setVersion=7, topologyVersion=TopologyVersion{processId=6439518b043f32b9f44db45e, counter=3}, lastWriteDate=Sat Apr 15 12:26:25 WAT 2023, lastUpdateTimeNanos=448016991780700}
2023-04-15T12:26:25.315+01:00  INFO 10516 --- [cluster-ClusterId{value='643a89dfadc0eb3bdee15961', description='null'}-ac-ta994fm-shard-00-01.vx7fxsv.mongodb.net:27017] org.mongodb.driver.cluster               : Monitor thread successfully connected to server with description ServerDescription{address=ac-ta994fm-shard-00-01.vx7fxsv.mongodb.net:27017, type=REPLICA_SET_PRIMARY, state=CONNECTED, ok=true, minWireVersion=0, maxWireVersion=17, maxDocumentSize=16777216, logicalSessionTimeoutMinutes=30, roundTripTimeNanos=780613300, setName='atlas-ijvogm-shard-0', canonicalAddress=ac-ta994fm-shard-00-01.vx7fxsv.mongodb.net:27017, hosts=[ac-ta994fm-shard-00-00.vx7fxsv.mongodb.net:27017, ac-ta994fm-shard-00-02.vx7fxsv.mongodb.net:27017, ac-ta994fm-shard-00-01.vx7fxsv.mongodb.net:27017], passives=[], arbiters=[], primary='ac-ta994fm-shard-00-01.vx7fxsv.mongodb.net:27017', tagSet=TagSet{[Tag{name='nodeType', value='ELECTABLE'}, Tag{name='provider', value='AWS'}, Tag{name='region', value='US_EAST_1'}, Tag{name='workloadType', value='OPERATIONAL'}]}, electionId=7fffffff0000000000000085, setVersion=7, topologyVersion=TopologyVersion{processId=6439509340c52a1790e8d768, counter=6}, lastWriteDate=Sat Apr 15 12:26:25 WAT 2023, lastUpdateTimeNanos=448016991780800}
2023-04-15T12:26:25.324+01:00  INFO 10516 --- [cluster-ClusterId{value='643a89dfadc0eb3bdee15961', description='null'}-ac-ta994fm-shard-00-01.vx7fxsv.mongodb.net:27017] org.mongodb.driver.cluster               : Discovered replica set primary ac-ta994fm-shard-00-01.vx7fxsv.mongodb.net:27017 with max election id 7fffffff0000000000000085 and max set version 7
2023-04-15T12:26:25.352+01:00 DEBUG 10516 --- [main] s.w.s.m.m.a.RequestMappingHandlerAdapter : ControllerAdvice beans: 0 @ModelAttribute, 0 @InitBinder, 1 RequestBodyAdvice, 1 ResponseBodyAdvice
2023-04-15T12:26:25.549+01:00 DEBUG 10516 --- [main] s.w.s.m.m.a.RequestMappingHandlerMapping : 11 mappings in 'requestMappingHandlerMapping'
2023-04-15T12:26:26.795+01:00 DEBUG 10516 --- [main] o.s.w.s.handler.SimpleUrlHandlerMapping  : Patterns [/webjars/**, /**, /swagger-ui*/*swagger-initializer.js, /swagger-ui*/**] in 'resourceHandlerMapping'
2023-04-15T12:26:26.811+01:00 DEBUG 10516 --- [main] .m.m.a.ExceptionHandlerExceptionResolver : ControllerAdvice beans: 2 @ExceptionHandler, 1 ResponseBodyAdvice
2023-04-15T12:26:27.457+01:00  INFO 10516 --- [main] DiscoveryClientOptionalArgsConfiguration : Eureka HTTP Client uses RestTemplate.
2023-04-15T12:26:28.003+01:00  WARN 10516 --- [main] iguration$LoadBalancerCaffeineWarnLogger : Spring Cloud LoadBalancer is currently working with the default cache. While this cache implementation is useful for development and tests, it's recommended to use Caffeine cache in production.You can switch to using Caffeine cache, by adding it and org.springframework.cache.caffeine.CaffeineCacheManager to the classpath.
2023-04-15T12:26:28.040+01:00  INFO 10516 --- [main] o.s.c.n.eureka.InstanceInfoFactory       : Setting initial instance status as: STARTING
2023-04-15T12:26:28.254+01:00  INFO 10516 --- [main] com.netflix.discovery.DiscoveryClient    : Initializing Eureka in region us-east-1
2023-04-15T12:26:28.267+01:00  INFO 10516 --- [main] c.n.d.s.r.aws.ConfigClusterResolver      : Resolving eureka endpoints via configuration
2023-04-15T12:26:28.322+01:00  INFO 10516 --- [main] com.netflix.discovery.DiscoveryClient    : Disable delta property : false
2023-04-15T12:26:28.323+01:00  INFO 10516 --- [main] com.netflix.discovery.DiscoveryClient    : Single vip registry refresh property : null
2023-04-15T12:26:28.323+01:00  INFO 10516 --- [main] com.netflix.discovery.DiscoveryClient    : Force full registry fetch : false
2023-04-15T12:26:28.324+01:00  INFO 10516 --- [main] com.netflix.discovery.DiscoveryClient    : Application is null : false
2023-04-15T12:26:28.324+01:00  INFO 10516 --- [main] com.netflix.discovery.DiscoveryClient    : Registered Applications size is zero : true
2023-04-15T12:26:28.324+01:00  INFO 10516 --- [main] com.netflix.discovery.DiscoveryClient    : Application version is -1: true
2023-04-15T12:26:28.324+01:00  INFO 10516 --- [main] com.netflix.discovery.DiscoveryClient    : Getting all instance registry info from the eureka server
2023-04-15T12:26:28.510+01:00 DEBUG 10516 --- [main] o.s.web.client.RestTemplate              : HTTP GET http://localhost:8761/eureka/apps/
2023-04-15T12:26:28.679+01:00 DEBUG 10516 --- [main] o.s.web.client.RestTemplate              : Accept=[application/json, application/*+json]
2023-04-15T12:26:28.745+01:00 DEBUG 10516 --- [main] o.s.web.client.RestTemplate              : Response 200 OK
2023-04-15T12:26:28.747+01:00 DEBUG 10516 --- [main] o.s.web.client.RestTemplate              : Reading to [org.springframework.cloud.netflix.eureka.http.EurekaApplications]
2023-04-15T12:26:28.795+01:00  INFO 10516 --- [main] com.netflix.discovery.DiscoveryClient    : The response status is 200
2023-04-15T12:26:28.796+01:00  INFO 10516 --- [main] com.netflix.discovery.DiscoveryClient    : Starting heartbeat executor: renew interval is: 30
2023-04-15T12:26:28.796+01:00  INFO 10516 --- [main] c.n.discovery.InstanceInfoReplicator     : InstanceInfoReplicator onDemand update allowed rate per min is 4
2023-04-15T12:26:28.812+01:00  INFO 10516 --- [main] com.netflix.discovery.DiscoveryClient    : Discovery Client initialized at timestamp 1681557988812 with initial instances count: 2
2023-04-15T12:26:28.812+01:00  INFO 10516 --- [main] o.s.c.n.e.s.EurekaServiceRegistry        : Registering application AUTHOR with eureka with status UP
2023-04-15T12:26:28.812+01:00  INFO 10516 --- [main] com.netflix.discovery.DiscoveryClient    : Saw local status change event StatusChangeEvent [timestamp=1681557988812, current=UP, previous=STARTING]
2023-04-15T12:26:28.812+01:00  INFO 10516 --- [DiscoveryClient-InstanceInfoReplicator-0] com.netflix.discovery.DiscoveryClient    : DiscoveryClient_AUTHOR/host.docker.internal:Author:8001: registering service...
2023-04-15T12:26:28.831+01:00 DEBUG 10516 --- [DiscoveryClient-InstanceInfoReplicator-0] o.s.web.client.RestTemplate              : HTTP POST http://localhost:8761/eureka/apps/AUTHOR
2023-04-15T12:26:28.835+01:00 DEBUG 10516 --- [DiscoveryClient-InstanceInfoReplicator-0] o.s.web.client.RestTemplate              : Accept=[application/json, application/*+json]
2023-04-15T12:26:28.851+01:00  INFO 10516 --- [main] o.s.b.w.embedded.tomcat.TomcatWebServer  : Tomcat started on port(s): 8001 (http) with context path ''
2023-04-15T12:26:28.852+01:00  INFO 10516 --- [main] .s.c.n.e.s.EurekaAutoServiceRegistration : Updating port to 8001
2023-04-15T12:26:28.862+01:00 DEBUG 10516 --- [DiscoveryClient-InstanceInfoReplicator-0] o.s.web.client.RestTemplate              : Writing [InstanceInfo [instanceId = host.docker.internal:Author:8001, appName = AUTHOR, hostName = host.docker.internal, status = UP, ipAddr = 192.168.1.14, port = 8001, securePort = 443, dataCenterInfo = com.netflix.appinfo.MyDataCenterInfo@11f5cd33] as "application/json"
2023-04-15T12:26:28.897+01:00 DEBUG 10516 --- [DiscoveryClient-InstanceInfoReplicator-0] o.s.web.client.RestTemplate              : Response 204 NO_CONTENT
2023-04-15T12:26:28.899+01:00  INFO 10516 --- [DiscoveryClient-InstanceInfoReplicator-0] com.netflix.discovery.DiscoveryClient    : DiscoveryClient_AUTHOR/host.docker.internal:Author:8001 - registration status: 204
2023-04-15T12:26:29.281+01:00  INFO 10516 --- [main] c.e.spring_app.SpringAppApplication      : Started SpringAppApplication in 10.9 seconds (process running for 11.766)
2023-04-15T12:26:58.809+01:00 DEBUG 10516 --- [DiscoveryClient-CacheRefreshExecutor-0] o.s.web.client.RestTemplate              : HTTP GET http://localhost:8761/eureka/apps/delta
2023-04-15T12:26:58.809+01:00 DEBUG 10516 --- [DiscoveryClient-CacheRefreshExecutor-0] o.s.web.client.RestTemplate              : Accept=[application/json, application/*+json]
2023-04-15T12:26:58.809+01:00 DEBUG 10516 --- [DiscoveryClient-HeartbeatExecutor-0] o.s.web.client.RestTemplate              : HTTP PUT http://localhost:8761/eureka/apps/AUTHOR/host.docker.internal:Author:8001?status=UP&lastDirtyTimestamp=1681557988812
2023-04-15T12:26:58.809+01:00 DEBUG 10516 --- [DiscoveryClient-CacheRefreshExecutor-0] o.s.web.client.RestTemplate              : Response 200 OK
2023-04-15T12:26:58.809+01:00 DEBUG 10516 --- [DiscoveryClient-CacheRefreshExecutor-0] o.s.web.client.RestTemplate              : Reading to [org.springframework.cloud.netflix.eureka.http.EurekaApplications]
2023-04-15T12:26:58.826+01:00 DEBUG 10516 --- [DiscoveryClient-HeartbeatExecutor-0] o.s.web.client.RestTemplate              : Accept=[application/json, application/*+json]
2023-04-15T12:26:58.841+01:00 DEBUG 10516 --- [DiscoveryClient-HeartbeatExecutor-0] o.s.web.client.RestTemplate              : Response 200 OK
2023-04-15T12:27:28.831+01:00 DEBUG 10516 --- [DiscoveryClient-CacheRefreshExecutor-0] o.s.web.client.RestTemplate              : HTTP GET http://localhost:8761/eureka/apps/delta
2023-04-15T12:27:28.831+01:00 DEBUG 10516 --- [DiscoveryClient-CacheRefreshExecutor-0] o.s.web.client.RestTemplate              : Accept=[application/json, application/*+json]
2023-04-15T12:27:28.838+01:00 DEBUG 10516 --- [DiscoveryClient-CacheRefreshExecutor-0] o.s.web.client.RestTemplate              : Response 200 OK
2023-04-15T12:27:28.838+01:00 DEBUG 10516 --- [DiscoveryClient-CacheRefreshExecutor-0] o.s.web.client.RestTemplate              : Reading to [org.springframework.cloud.netflix.eureka.http.EurekaApplications]
2023-04-15T12:27:28.862+01:00 DEBUG 10516 --- [DiscoveryClient-HeartbeatExecutor-0] o.s.web.client.RestTemplate              : HTTP PUT http://localhost:8761/eureka/apps/AUTHOR/host.docker.internal:Author:8001?status=UP&lastDirtyTimestamp=1681557988812
2023-04-15T12:27:28.862+01:00 DEBUG 10516 --- [DiscoveryClient-HeartbeatExecutor-0] o.s.web.client.RestTemplate              : Accept=[application/json, application/*+json]
2023-04-15T12:27:28.867+01:00 DEBUG 10516 --- [DiscoveryClient-HeartbeatExecutor-0] o.s.web.client.RestTemplate              : Response 200 OK
2023-04-15T12:27:52.330+01:00  INFO 10516 --- [http-nio-8001-exec-1] o.a.c.c.C.[Tomcat].[localhost].[/]       : Initializing Spring DispatcherServlet 'dispatcherServlet'
2023-04-15T12:27:52.331+01:00  INFO 10516 --- [http-nio-8001-exec-1] o.s.web.servlet.DispatcherServlet        : Initializing Servlet 'dispatcherServlet'
2023-04-15T12:27:52.332+01:00 DEBUG 10516 --- [http-nio-8001-exec-1] o.s.web.servlet.DispatcherServlet        : Detected StandardServletMultipartResolver
2023-04-15T12:27:52.333+01:00 DEBUG 10516 --- [http-nio-8001-exec-1] o.s.web.servlet.DispatcherServlet        : Detected AcceptHeaderLocaleResolver
2023-04-15T12:27:52.333+01:00 DEBUG 10516 --- [http-nio-8001-exec-1] o.s.web.servlet.DispatcherServlet        : Detected FixedThemeResolver
2023-04-15T12:27:52.335+01:00 DEBUG 10516 --- [http-nio-8001-exec-1] o.s.web.servlet.DispatcherServlet        : Detected org.springframework.web.servlet.view.DefaultRequestToViewNameTranslator@2b9215f7
2023-04-15T12:27:52.335+01:00 DEBUG 10516 --- [http-nio-8001-exec-1] o.s.web.servlet.DispatcherServlet        : Detected org.springframework.web.servlet.support.SessionFlashMapManager@1c744a40
2023-04-15T12:27:52.336+01:00 DEBUG 10516 --- [http-nio-8001-exec-1] o.s.web.servlet.DispatcherServlet        : enableLoggingRequestDetails='false': request parameters and headers will be masked to prevent unsafe logging of potentially sensitive data
2023-04-15T12:27:52.336+01:00  INFO 10516 --- [http-nio-8001-exec-1] o.s.web.servlet.DispatcherServlet        : Completed initialization in 4 ms
2023-04-15T12:27:58.844+01:00 DEBUG 10516 --- [DiscoveryClient-CacheRefreshExecutor-0] o.s.web.client.RestTemplate              : HTTP GET http://localhost:8761/eureka/apps/delta
2023-04-15T12:27:58.845+01:00 DEBUG 10516 --- [DiscoveryClient-CacheRefreshExecutor-0] o.s.web.client.RestTemplate              : Accept=[application/json, application/*+json]
2023-04-15T12:27:58.850+01:00 DEBUG 10516 --- [DiscoveryClient-CacheRefreshExecutor-0] o.s.web.client.RestTemplate              : Response 200 OK
2023-04-15T12:27:58.850+01:00 DEBUG 10516 --- [DiscoveryClient-CacheRefreshExecutor-0] o.s.web.client.RestTemplate              : Reading to [org.springframework.cloud.netflix.eureka.http.EurekaApplications]
2023-04-15T12:27:58.876+01:00 DEBUG 10516 --- [DiscoveryClient-HeartbeatExecutor-0] o.s.web.client.RestTemplate              : HTTP PUT http://localhost:8761/eureka/apps/AUTHOR/host.docker.internal:Author:8001?status=UP&lastDirtyTimestamp=1681557988812
2023-04-15T12:27:58.877+01:00 DEBUG 10516 --- [DiscoveryClient-HeartbeatExecutor-0] o.s.web.client.RestTemplate              : Accept=[application/json, application/*+json]
2023-04-15T12:27:58.883+01:00 DEBUG 10516 --- [DiscoveryClient-HeartbeatExecutor-0] o.s.web.client.RestTemplate              : Response 200 OK
2023-04-15T12:28:28.857+01:00 DEBUG 10516 --- [DiscoveryClient-CacheRefreshExecutor-0] o.s.web.client.RestTemplate              : HTTP GET http://localhost:8761/eureka/apps/delta
2023-04-15T12:28:28.858+01:00 DEBUG 10516 --- [DiscoveryClient-CacheRefreshExecutor-0] o.s.web.client.RestTemplate              : Accept=[application/json, application/*+json]
2023-04-15T12:28:28.862+01:00 DEBUG 10516 --- [DiscoveryClient-CacheRefreshExecutor-0] o.s.web.client.RestTemplate              : Response 200 OK
2023-04-15T12:28:28.863+01:00 DEBUG 10516 --- [DiscoveryClient-CacheRefreshExecutor-0] o.s.web.client.RestTemplate              : Reading to [org.springframework.cloud.netflix.eureka.http.EurekaApplications]
2023-04-15T12:28:28.887+01:00 DEBUG 10516 --- [DiscoveryClient-HeartbeatExecutor-0] o.s.web.client.RestTemplate              : HTTP PUT http://localhost:8761/eureka/apps/AUTHOR/host.docker.internal:Author:8001?status=UP&lastDirtyTimestamp=1681557988812
2023-04-15T12:28:28.887+01:00 DEBUG 10516 --- [DiscoveryClient-HeartbeatExecutor-0] o.s.web.client.RestTemplate              : Accept=[application/json, application/*+json]
2023-04-15T12:28:28.892+01:00 DEBUG 10516 --- [DiscoveryClient-HeartbeatExecutor-0] o.s.web.client.RestTemplate              : Response 200 OK
2023-04-15T12:28:58.864+01:00 DEBUG 10516 --- [DiscoveryClient-CacheRefreshExecutor-0] o.s.web.client.RestTemplate              : HTTP GET http://localhost:8761/eureka/apps/delta
2023-04-15T12:28:58.865+01:00 DEBUG 10516 --- [DiscoveryClient-CacheRefreshExecutor-0] o.s.web.client.RestTemplate              : Accept=[application/json, application/*+json]
2023-04-15T12:28:58.870+01:00 DEBUG 10516 --- [DiscoveryClient-CacheRefreshExecutor-0] o.s.web.client.RestTemplate              : Response 200 OK
2023-04-15T12:28:58.870+01:00 DEBUG 10516 --- [DiscoveryClient-CacheRefreshExecutor-0] o.s.web.client.RestTemplate              : Reading to [org.springframework.cloud.netflix.eureka.http.EurekaApplications]
2023-04-15T12:28:58.896+01:00 DEBUG 10516 --- [DiscoveryClient-HeartbeatExecutor-0] o.s.web.client.RestTemplate              : HTTP PUT http://localhost:8761/eureka/apps/AUTHOR/host.docker.internal:Author:8001?status=UP&lastDirtyTimestamp=1681557988812
2023-04-15T12:28:58.897+01:00 DEBUG 10516 --- [DiscoveryClient-HeartbeatExecutor-0] o.s.web.client.RestTemplate              : Accept=[application/json, application/*+json]
2023-04-15T12:28:58.904+01:00 DEBUG 10516 --- [DiscoveryClient-HeartbeatExecutor-0] o.s.web.client.RestTemplate              : Response 200 OK
2023-04-15T12:29:28.874+01:00 DEBUG 10516 --- [DiscoveryClient-CacheRefreshExecutor-0] o.s.web.client.RestTemplate              : HTTP GET http://localhost:8761/eureka/apps/delta
2023-04-15T12:29:28.874+01:00 DEBUG 10516 --- [DiscoveryClient-CacheRefreshExecutor-0] o.s.web.client.RestTemplate              : Accept=[application/json, application/*+json]
2023-04-15T12:29:28.874+01:00 DEBUG 10516 --- [DiscoveryClient-CacheRefreshExecutor-0] o.s.web.client.RestTemplate              : Response 200 OK
2023-04-15T12:29:28.874+01:00 DEBUG 10516 --- [DiscoveryClient-CacheRefreshExecutor-0] o.s.web.client.RestTemplate              : Reading to [org.springframework.cloud.netflix.eureka.http.EurekaApplications]
2023-04-15T12:29:28.905+01:00 DEBUG 10516 --- [DiscoveryClient-HeartbeatExecutor-0] o.s.web.client.RestTemplate              : HTTP PUT http://localhost:8761/eureka/apps/AUTHOR/host.docker.internal:Author:8001?status=UP&lastDirtyTimestamp=1681557988812
2023-04-15T12:29:28.906+01:00 DEBUG 10516 --- [DiscoveryClient-HeartbeatExecutor-0] o.s.web.client.RestTemplate              : Accept=[application/json, application/*+json]
2023-04-15T12:29:28.910+01:00 DEBUG 10516 --- [DiscoveryClient-HeartbeatExecutor-0] o.s.web.client.RestTemplate              : Response 200 OK
2023-04-15T12:29:58.897+01:00 DEBUG 10516 --- [DiscoveryClient-CacheRefreshExecutor-0] o.s.web.client.RestTemplate              : HTTP GET http://localhost:8761/eureka/apps/delta
2023-04-15T12:29:58.898+01:00 DEBUG 10516 --- [DiscoveryClient-CacheRefreshExecutor-0] o.s.web.client.RestTemplate              : Accept=[application/json, application/*+json]
2023-04-15T12:29:58.902+01:00 DEBUG 10516 --- [DiscoveryClient-CacheRefreshExecutor-0] o.s.web.client.RestTemplate              : Response 200 OK
2023-04-15T12:29:58.902+01:00 DEBUG 10516 --- [DiscoveryClient-CacheRefreshExecutor-0] o.s.web.client.RestTemplate              : Reading to [org.springframework.cloud.netflix.eureka.http.EurekaApplications]
2023-04-15T12:29:58.912+01:00 DEBUG 10516 --- [DiscoveryClient-HeartbeatExecutor-0] o.s.web.client.RestTemplate              : HTTP PUT http://localhost:8761/eureka/apps/AUTHOR/host.docker.internal:Author:8001?status=UP&lastDirtyTimestamp=1681557988812
2023-04-15T12:29:58.913+01:00 DEBUG 10516 --- [DiscoveryClient-HeartbeatExecutor-0] o.s.web.client.RestTemplate              : Accept=[application/json, application/*+json]
2023-04-15T12:29:58.916+01:00 DEBUG 10516 --- [DiscoveryClient-HeartbeatExecutor-0] o.s.web.client.RestTemplate              : Response 200 OK
2023-04-15T12:30:28.910+01:00 DEBUG 10516 --- [DiscoveryClient-CacheRefreshExecutor-0] o.s.web.client.RestTemplate              : HTTP GET http://localhost:8761/eureka/apps/delta
2023-04-15T12:30:28.912+01:00 DEBUG 10516 --- [DiscoveryClient-CacheRefreshExecutor-0] o.s.web.client.RestTemplate              : Accept=[application/json, application/*+json]
2023-04-15T12:30:28.915+01:00 DEBUG 10516 --- [DiscoveryClient-CacheRefreshExecutor-0] o.s.web.client.RestTemplate              : Response 200 OK
2023-04-15T12:30:28.916+01:00 DEBUG 10516 --- [DiscoveryClient-CacheRefreshExecutor-0] o.s.web.client.RestTemplate              : Reading to [org.springframework.cloud.netflix.eureka.http.EurekaApplications]
2023-04-15T12:30:28.917+01:00 DEBUG 10516 --- [DiscoveryClient-HeartbeatExecutor-0] o.s.web.client.RestTemplate              : HTTP PUT http://localhost:8761/eureka/apps/AUTHOR/host.docker.internal:Author:8001?status=UP&lastDirtyTimestamp=1681557988812
2023-04-15T12:30:28.918+01:00 DEBUG 10516 --- [DiscoveryClient-HeartbeatExecutor-0] o.s.web.client.RestTemplate              : Accept=[application/json, application/*+json]
2023-04-15T12:30:28.921+01:00 DEBUG 10516 --- [DiscoveryClient-HeartbeatExecutor-0] o.s.web.client.RestTemplate              : Response 200 OK
2023-04-15T12:30:58.930+01:00 DEBUG 10516 --- [DiscoveryClient-CacheRefreshExecutor-0] o.s.web.client.RestTemplate              : HTTP GET http://localhost:8761/eureka/apps/delta
2023-04-15T12:30:58.930+01:00 DEBUG 10516 --- [DiscoveryClient-HeartbeatExecutor-0] o.s.web.client.RestTemplate              : HTTP PUT http://localhost:8761/eureka/apps/AUTHOR/host.docker.internal:Author:8001?status=UP&lastDirtyTimestamp=1681557988812
2023-04-15T12:30:58.930+01:00 DEBUG 10516 --- [DiscoveryClient-CacheRefreshExecutor-0] o.s.web.client.RestTemplate              : Accept=[application/json, application/*+json]
2023-04-15T12:30:58.930+01:00 DEBUG 10516 --- [DiscoveryClient-HeartbeatExecutor-0] o.s.web.client.RestTemplate              : Accept=[application/json, application/*+json]
2023-04-15T12:30:58.930+01:00 DEBUG 10516 --- [DiscoveryClient-CacheRefreshExecutor-0] o.s.web.client.RestTemplate              : Response 200 OK
2023-04-15T12:30:58.930+01:00 DEBUG 10516 --- [DiscoveryClient-HeartbeatExecutor-0] o.s.web.client.RestTemplate              : Response 200 OK
2023-04-15T12:30:58.930+01:00 DEBUG 10516 --- [DiscoveryClient-CacheRefreshExecutor-0] o.s.web.client.RestTemplate              : Reading to [org.springframework.cloud.netflix.eureka.http.EurekaApplications]
2023-04-15T12:31:28.333+01:00  INFO 10516 --- [AsyncResolver-bootstrap-executor-0] c.n.d.s.r.aws.ConfigClusterResolver      : Resolving eureka endpoints via configuration
2023-04-15T12:31:28.942+01:00 DEBUG 10516 --- [DiscoveryClient-HeartbeatExecutor-0] o.s.web.client.RestTemplate              : HTTP PUT http://localhost:8761/eureka/apps/AUTHOR/host.docker.internal:Author:8001?status=UP&lastDirtyTimestamp=1681557988812
2023-04-15T12:31:28.942+01:00 DEBUG 10516 --- [DiscoveryClient-CacheRefreshExecutor-0] o.s.web.client.RestTemplate              : HTTP GET http://localhost:8761/eureka/apps/delta
2023-04-15T12:31:28.942+01:00 DEBUG 10516 --- [DiscoveryClient-CacheRefreshExecutor-0] o.s.web.client.RestTemplate              : Accept=[application/json, application/*+json]
2023-04-15T12:31:28.942+01:00 DEBUG 10516 --- [DiscoveryClient-HeartbeatExecutor-0] o.s.web.client.RestTemplate              : Accept=[application/json, application/*+json]
2023-04-15T12:31:28.948+01:00 DEBUG 10516 --- [DiscoveryClient-CacheRefreshExecutor-0] o.s.web.client.RestTemplate              : Response 200 OK
2023-04-15T12:31:28.948+01:00 DEBUG 10516 --- [DiscoveryClient-HeartbeatExecutor-0] o.s.web.client.RestTemplate              : Response 200 OK
2023-04-15T12:31:28.948+01:00 DEBUG 10516 --- [DiscoveryClient-CacheRefreshExecutor-0] o.s.web.client.RestTemplate              : Reading to [org.springframework.cloud.netflix.eureka.http.EurekaApplications]
2023-04-15T12:31:58.950+01:00 DEBUG 10516 --- [DiscoveryClient-CacheRefreshExecutor-0] o.s.web.client.RestTemplate              : HTTP GET http://localhost:8761/eureka/apps/delta
2023-04-15T12:31:58.950+01:00 DEBUG 10516 --- [DiscoveryClient-HeartbeatExecutor-0] o.s.web.client.RestTemplate              : HTTP PUT http://localhost:8761/eureka/apps/AUTHOR/host.docker.internal:Author:8001?status=UP&lastDirtyTimestamp=1681557988812
2023-04-15T12:31:58.951+01:00 DEBUG 10516 --- [DiscoveryClient-CacheRefreshExecutor-0] o.s.web.client.RestTemplate              : Accept=[application/json, application/*+json]
2023-04-15T12:31:58.951+01:00 DEBUG 10516 --- [DiscoveryClient-HeartbeatExecutor-0] o.s.web.client.RestTemplate              : Accept=[application/json, application/*+json]
2023-04-15T12:31:58.955+01:00 DEBUG 10516 --- [DiscoveryClient-CacheRefreshExecutor-0] o.s.web.client.RestTemplate              : Response 200 OK
2023-04-15T12:31:58.955+01:00 DEBUG 10516 --- [DiscoveryClient-HeartbeatExecutor-0] o.s.web.client.RestTemplate              : Response 200 OK
2023-04-15T12:31:58.955+01:00 DEBUG 10516 --- [DiscoveryClient-CacheRefreshExecutor-0] o.s.web.client.RestTemplate              : Reading to [org.springframework.cloud.netflix.eureka.http.EurekaApplications]
2023-04-15T12:32:28.965+01:00 DEBUG 10516 --- [DiscoveryClient-HeartbeatExecutor-0] o.s.web.client.RestTemplate              : HTTP PUT http://localhost:8761/eureka/apps/AUTHOR/host.docker.internal:Author:8001?status=UP&lastDirtyTimestamp=1681557988812
2023-04-15T12:32:28.965+01:00 DEBUG 10516 --- [DiscoveryClient-CacheRefreshExecutor-0] o.s.web.client.RestTemplate              : HTTP GET http://localhost:8761/eureka/apps/delta
2023-04-15T12:32:28.966+01:00 DEBUG 10516 --- [DiscoveryClient-HeartbeatExecutor-0] o.s.web.client.RestTemplate              : Accept=[application/json, application/*+json]
2023-04-15T12:32:28.966+01:00 DEBUG 10516 --- [DiscoveryClient-CacheRefreshExecutor-0] o.s.web.client.RestTemplate              : Accept=[application/json, application/*+json]
2023-04-15T12:32:28.971+01:00 DEBUG 10516 --- [DiscoveryClient-HeartbeatExecutor-0] o.s.web.client.RestTemplate              : Response 200 OK
2023-04-15T12:32:28.971+01:00 DEBUG 10516 --- [DiscoveryClient-CacheRefreshExecutor-0] o.s.web.client.RestTemplate              : Response 200 OK
2023-04-15T12:32:28.971+01:00 DEBUG 10516 --- [DiscoveryClient-CacheRefreshExecutor-0] o.s.web.client.RestTemplate              : Reading to [org.springframework.cloud.netflix.eureka.http.EurekaApplications]
2023-04-15T12:32:58.977+01:00 DEBUG 10516 --- [DiscoveryClient-CacheRefreshExecutor-0] o.s.web.client.RestTemplate              : HTTP GET http://localhost:8761/eureka/apps/delta
2023-04-15T12:32:58.977+01:00 DEBUG 10516 --- [DiscoveryClient-HeartbeatExecutor-0] o.s.web.client.RestTemplate              : HTTP PUT http://localhost:8761/eureka/apps/AUTHOR/host.docker.internal:Author:8001?status=UP&lastDirtyTimestamp=1681557988812
2023-04-15T12:32:58.977+01:00 DEBUG 10516 --- [DiscoveryClient-CacheRefreshExecutor-0] o.s.web.client.RestTemplate              : Accept=[application/json, application/*+json]
2023-04-15T12:32:58.977+01:00 DEBUG 10516 --- [DiscoveryClient-HeartbeatExecutor-0] o.s.web.client.RestTemplate              : Accept=[application/json, application/*+json]
2023-04-15T12:32:58.977+01:00 DEBUG 10516 --- [DiscoveryClient-CacheRefreshExecutor-0] o.s.web.client.RestTemplate              : Response 200 OK
2023-04-15T12:32:58.977+01:00 DEBUG 10516 --- [DiscoveryClient-HeartbeatExecutor-0] o.s.web.client.RestTemplate              : Response 200 OK
2023-04-15T12:32:58.977+01:00 DEBUG 10516 --- [DiscoveryClient-CacheRefreshExecutor-0] o.s.web.client.RestTemplate              : Reading to [org.springframework.cloud.netflix.eureka.http.EurekaApplications]
2023-04-15T12:33:28.995+01:00 DEBUG 10516 --- [DiscoveryClient-CacheRefreshExecutor-0] o.s.web.client.RestTemplate              : HTTP GET http://localhost:8761/eureka/apps/delta
2023-04-15T12:33:28.996+01:00 DEBUG 10516 --- [DiscoveryClient-HeartbeatExecutor-0] o.s.web.client.RestTemplate              : HTTP PUT http://localhost:8761/eureka/apps/AUTHOR/host.docker.internal:Author:8001?status=UP&lastDirtyTimestamp=1681557988812
2023-04-15T12:33:28.996+01:00 DEBUG 10516 --- [DiscoveryClient-CacheRefreshExecutor-0] o.s.web.client.RestTemplate              : Accept=[application/json, application/*+json]
2023-04-15T12:33:28.996+01:00 DEBUG 10516 --- [DiscoveryClient-HeartbeatExecutor-0] o.s.web.client.RestTemplate              : Accept=[application/json, application/*+json]
2023-04-15T12:33:29.000+01:00 DEBUG 10516 --- [DiscoveryClient-HeartbeatExecutor-0] o.s.web.client.RestTemplate              : Response 200 OK
2023-04-15T12:33:29.000+01:00 DEBUG 10516 --- [DiscoveryClient-CacheRefreshExecutor-0] o.s.web.client.RestTemplate              : Response 200 OK
2023-04-15T12:33:29.001+01:00 DEBUG 10516 --- [DiscoveryClient-CacheRefreshExecutor-0] o.s.web.client.RestTemplate              : Reading to [org.springframework.cloud.netflix.eureka.http.EurekaApplications]
2023-04-15T12:33:59.007+01:00 DEBUG 10516 --- [DiscoveryClient-CacheRefreshExecutor-0] o.s.web.client.RestTemplate              : HTTP GET http://localhost:8761/eureka/apps/delta
2023-04-15T12:33:59.007+01:00 DEBUG 10516 --- [DiscoveryClient-HeartbeatExecutor-0] o.s.web.client.RestTemplate              : HTTP PUT http://localhost:8761/eureka/apps/AUTHOR/host.docker.internal:Author:8001?status=UP&lastDirtyTimestamp=1681557988812
2023-04-15T12:33:59.007+01:00 DEBUG 10516 --- [DiscoveryClient-HeartbeatExecutor-0] o.s.web.client.RestTemplate              : Accept=[application/json, application/*+json]
2023-04-15T12:33:59.007+01:00 DEBUG 10516 --- [DiscoveryClient-CacheRefreshExecutor-0] o.s.web.client.RestTemplate              : Accept=[application/json, application/*+json]
2023-04-15T12:33:59.007+01:00 DEBUG 10516 --- [DiscoveryClient-HeartbeatExecutor-0] o.s.web.client.RestTemplate              : Response 200 OK
2023-04-15T12:33:59.007+01:00 DEBUG 10516 --- [DiscoveryClient-CacheRefreshExecutor-0] o.s.web.client.RestTemplate              : Response 200 OK
2023-04-15T12:33:59.007+01:00 DEBUG 10516 --- [DiscoveryClient-CacheRefreshExecutor-0] o.s.web.client.RestTemplate              : Reading to [org.springframework.cloud.netflix.eureka.http.EurekaApplications]
2023-04-15T12:34:29.026+01:00 DEBUG 10516 --- [DiscoveryClient-CacheRefreshExecutor-0] o.s.web.client.RestTemplate              : HTTP GET http://localhost:8761/eureka/apps/delta
2023-04-15T12:34:29.026+01:00 DEBUG 10516 --- [DiscoveryClient-HeartbeatExecutor-0] o.s.web.client.RestTemplate              : HTTP PUT http://localhost:8761/eureka/apps/AUTHOR/host.docker.internal:Author:8001?status=UP&lastDirtyTimestamp=1681557988812
2023-04-15T12:34:29.027+01:00 DEBUG 10516 --- [DiscoveryClient-CacheRefreshExecutor-0] o.s.web.client.RestTemplate              : Accept=[application/json, application/*+json]
2023-04-15T12:34:29.027+01:00 DEBUG 10516 --- [DiscoveryClient-HeartbeatExecutor-0] o.s.web.client.RestTemplate              : Accept=[application/json, application/*+json]
2023-04-15T12:34:29.031+01:00 DEBUG 10516 --- [DiscoveryClient-HeartbeatExecutor-0] o.s.web.client.RestTemplate              : Response 200 OK
2023-04-15T12:34:29.031+01:00 DEBUG 10516 --- [DiscoveryClient-CacheRefreshExecutor-0] o.s.web.client.RestTemplate              : Response 200 OK
2023-04-15T12:34:29.031+01:00 DEBUG 10516 --- [DiscoveryClient-CacheRefreshExecutor-0] o.s.web.client.RestTemplate              : Reading to [org.springframework.cloud.netflix.eureka.http.EurekaApplications]
2023-04-15T12:34:59.058+01:00 DEBUG 10516 --- [DiscoveryClient-HeartbeatExecutor-0] o.s.web.client.RestTemplate              : HTTP PUT http://localhost:8761/eureka/apps/AUTHOR/host.docker.internal:Author:8001?status=UP&lastDirtyTimestamp=1681557988812
2023-04-15T12:34:59.058+01:00 DEBUG 10516 --- [DiscoveryClient-CacheRefreshExecutor-0] o.s.web.client.RestTemplate              : HTTP GET http://localhost:8761/eureka/apps/delta
2023-04-15T12:34:59.058+01:00 DEBUG 10516 --- [DiscoveryClient-HeartbeatExecutor-0] o.s.web.client.RestTemplate              : Accept=[application/json, application/*+json]
2023-04-15T12:34:59.058+01:00 DEBUG 10516 --- [DiscoveryClient-CacheRefreshExecutor-0] o.s.web.client.RestTemplate              : Accept=[application/json, application/*+json]
2023-04-15T12:34:59.058+01:00 DEBUG 10516 --- [DiscoveryClient-HeartbeatExecutor-0] o.s.web.client.RestTemplate              : Response 200 OK
2023-04-15T12:34:59.058+01:00 DEBUG 10516 --- [DiscoveryClient-CacheRefreshExecutor-0] o.s.web.client.RestTemplate              : Response 200 OK
2023-04-15T12:34:59.058+01:00 DEBUG 10516 --- [DiscoveryClient-CacheRefreshExecutor-0] o.s.web.client.RestTemplate              : Reading to [org.springframework.cloud.netflix.eureka.http.EurekaApplications]
2023-04-15T12:35:29.072+01:00 DEBUG 10516 --- [DiscoveryClient-HeartbeatExecutor-0] o.s.web.client.RestTemplate              : HTTP PUT http://localhost:8761/eureka/apps/AUTHOR/host.docker.internal:Author:8001?status=UP&lastDirtyTimestamp=1681557988812
2023-04-15T12:35:29.072+01:00 DEBUG 10516 --- [DiscoveryClient-CacheRefreshExecutor-0] o.s.web.client.RestTemplate              : HTTP GET http://localhost:8761/eureka/apps/delta
2023-04-15T12:35:29.073+01:00 DEBUG 10516 --- [DiscoveryClient-HeartbeatExecutor-0] o.s.web.client.RestTemplate              : Accept=[application/json, application/*+json]
2023-04-15T12:35:29.073+01:00 DEBUG 10516 --- [DiscoveryClient-CacheRefreshExecutor-0] o.s.web.client.RestTemplate              : Accept=[application/json, application/*+json]
2023-04-15T12:35:29.077+01:00 DEBUG 10516 --- [DiscoveryClient-CacheRefreshExecutor-0] o.s.web.client.RestTemplate              : Response 200 OK
2023-04-15T12:35:29.077+01:00 DEBUG 10516 --- [DiscoveryClient-HeartbeatExecutor-0] o.s.web.client.RestTemplate              : Response 200 OK
2023-04-15T12:35:29.077+01:00 DEBUG 10516 --- [DiscoveryClient-CacheRefreshExecutor-0] o.s.web.client.RestTemplate              : Reading to [org.springframework.cloud.netflix.eureka.http.EurekaApplications]
2023-04-15T12:35:59.084+01:00 DEBUG 10516 --- [DiscoveryClient-HeartbeatExecutor-0] o.s.web.client.RestTemplate              : HTTP PUT http://localhost:8761/eureka/apps/AUTHOR/host.docker.internal:Author:8001?status=UP&lastDirtyTimestamp=1681557988812
2023-04-15T12:35:59.084+01:00 DEBUG 10516 --- [DiscoveryClient-CacheRefreshExecutor-0] o.s.web.client.RestTemplate              : HTTP GET http://localhost:8761/eureka/apps/delta
2023-04-15T12:35:59.084+01:00 DEBUG 10516 --- [DiscoveryClient-CacheRefreshExecutor-0] o.s.web.client.RestTemplate              : Accept=[application/json, application/*+json]
2023-04-15T12:35:59.084+01:00 DEBUG 10516 --- [DiscoveryClient-HeartbeatExecutor-0] o.s.web.client.RestTemplate              : Accept=[application/json, application/*+json]
2023-04-15T12:35:59.084+01:00 DEBUG 10516 --- [DiscoveryClient-HeartbeatExecutor-0] o.s.web.client.RestTemplate              : Response 200 OK
2023-04-15T12:35:59.084+01:00 DEBUG 10516 --- [DiscoveryClient-CacheRefreshExecutor-0] o.s.web.client.RestTemplate              : Response 200 OK
2023-04-15T12:35:59.084+01:00 DEBUG 10516 --- [DiscoveryClient-CacheRefreshExecutor-0] o.s.web.client.RestTemplate              : Reading to [org.springframework.cloud.netflix.eureka.http.EurekaApplications]
2023-04-15T12:36:28.342+01:00  INFO 10516 --- [AsyncResolver-bootstrap-executor-0] c.n.d.s.r.aws.ConfigClusterResolver      : Resolving eureka endpoints via configuration
2023-04-15T12:36:29.102+01:00 DEBUG 10516 --- [DiscoveryClient-HeartbeatExecutor-0] o.s.web.client.RestTemplate              : HTTP PUT http://localhost:8761/eureka/apps/AUTHOR/host.docker.internal:Author:8001?status=UP&lastDirtyTimestamp=1681557988812
2023-04-15T12:36:29.102+01:00 DEBUG 10516 --- [DiscoveryClient-CacheRefreshExecutor-0] o.s.web.client.RestTemplate              : HTTP GET http://localhost:8761/eureka/apps/delta
2023-04-15T12:36:29.103+01:00 DEBUG 10516 --- [DiscoveryClient-HeartbeatExecutor-0] o.s.web.client.RestTemplate              : Accept=[application/json, application/*+json]
2023-04-15T12:36:29.103+01:00 DEBUG 10516 --- [DiscoveryClient-CacheRefreshExecutor-0] o.s.web.client.RestTemplate              : Accept=[application/json, application/*+json]
2023-04-15T12:36:29.110+01:00 DEBUG 10516 --- [DiscoveryClient-CacheRefreshExecutor-0] o.s.web.client.RestTemplate              : Response 200 OK
2023-04-15T12:36:29.110+01:00 DEBUG 10516 --- [DiscoveryClient-HeartbeatExecutor-0] o.s.web.client.RestTemplate              : Response 200 OK
2023-04-15T12:36:29.110+01:00 DEBUG 10516 --- [DiscoveryClient-CacheRefreshExecutor-0] o.s.web.client.RestTemplate              : Reading to [org.springframework.cloud.netflix.eureka.http.EurekaApplications]
2023-04-15T12:36:59.112+01:00 DEBUG 10516 --- [DiscoveryClient-CacheRefreshExecutor-0] o.s.web.client.RestTemplate              : HTTP GET http://localhost:8761/eureka/apps/delta
2023-04-15T12:36:59.112+01:00 DEBUG 10516 --- [DiscoveryClient-HeartbeatExecutor-0] o.s.web.client.RestTemplate              : HTTP PUT http://localhost:8761/eureka/apps/AUTHOR/host.docker.internal:Author:8001?status=UP&lastDirtyTimestamp=1681557988812
2023-04-15T12:36:59.113+01:00 DEBUG 10516 --- [DiscoveryClient-CacheRefreshExecutor-0] o.s.web.client.RestTemplate              : Accept=[application/json, application/*+json]
2023-04-15T12:36:59.114+01:00 DEBUG 10516 --- [DiscoveryClient-HeartbeatExecutor-0] o.s.web.client.RestTemplate              : Accept=[application/json, application/*+json]
2023-04-15T12:36:59.119+01:00 DEBUG 10516 --- [DiscoveryClient-CacheRefreshExecutor-0] o.s.web.client.RestTemplate              : Response 200 OK
2023-04-15T12:36:59.119+01:00 DEBUG 10516 --- [DiscoveryClient-CacheRefreshExecutor-0] o.s.web.client.RestTemplate              : Reading to [org.springframework.cloud.netflix.eureka.http.EurekaApplications]
2023-04-15T12:36:59.120+01:00 DEBUG 10516 --- [DiscoveryClient-HeartbeatExecutor-0] o.s.web.client.RestTemplate              : Response 200 OK
2023-04-15T12:37:29.132+01:00 DEBUG 10516 --- [DiscoveryClient-CacheRefreshExecutor-0] o.s.web.client.RestTemplate              : HTTP GET http://localhost:8761/eureka/apps/delta
2023-04-15T12:37:29.132+01:00 DEBUG 10516 --- [DiscoveryClient-HeartbeatExecutor-0] o.s.web.client.RestTemplate              : HTTP PUT http://localhost:8761/eureka/apps/AUTHOR/host.docker.internal:Author:8001?status=UP&lastDirtyTimestamp=1681557988812
2023-04-15T12:37:29.133+01:00 DEBUG 10516 --- [DiscoveryClient-CacheRefreshExecutor-0] o.s.web.client.RestTemplate              : Accept=[application/json, application/*+json]
2023-04-15T12:37:29.133+01:00 DEBUG 10516 --- [DiscoveryClient-HeartbeatExecutor-0] o.s.web.client.RestTemplate              : Accept=[application/json, application/*+json]
2023-04-15T12:37:29.137+01:00 DEBUG 10516 --- [DiscoveryClient-CacheRefreshExecutor-0] o.s.web.client.RestTemplate              : Response 200 OK
2023-04-15T12:37:29.138+01:00 DEBUG 10516 --- [DiscoveryClient-CacheRefreshExecutor-0] o.s.web.client.RestTemplate              : Reading to [org.springframework.cloud.netflix.eureka.http.EurekaApplications]
2023-04-15T12:37:29.139+01:00 DEBUG 10516 --- [DiscoveryClient-HeartbeatExecutor-0] o.s.web.client.RestTemplate              : Response 200 OK
2023-04-15T12:37:29.807+01:00  INFO 10516 --- [SpringApplicationShutdownHook] o.s.c.n.e.s.EurekaServiceRegistry        : Unregistering application AUTHOR with eureka with status DOWN
2023-04-15T12:37:29.808+01:00  INFO 10516 --- [SpringApplicationShutdownHook] com.netflix.discovery.DiscoveryClient    : Saw local status change event StatusChangeEvent [timestamp=1681558649808, current=DOWN, previous=UP]
2023-04-15T12:37:29.808+01:00  INFO 10516 --- [DiscoveryClient-InstanceInfoReplicator-0] com.netflix.discovery.DiscoveryClient    : DiscoveryClient_AUTHOR/host.docker.internal:Author:8001: registering service...
2023-04-15T12:37:29.808+01:00 DEBUG 10516 --- [DiscoveryClient-InstanceInfoReplicator-0] o.s.web.client.RestTemplate              : HTTP POST http://localhost:8761/eureka/apps/AUTHOR
2023-04-15T12:37:29.809+01:00 DEBUG 10516 --- [DiscoveryClient-InstanceInfoReplicator-0] o.s.web.client.RestTemplate              : Accept=[application/json, application/*+json]
2023-04-15T12:37:29.811+01:00 DEBUG 10516 --- [DiscoveryClient-InstanceInfoReplicator-0] o.s.web.client.RestTemplate              : Writing [InstanceInfo [instanceId = host.docker.internal:Author:8001, appName = AUTHOR, hostName = host.docker.internal, status = DOWN, ipAddr = 192.168.1.14, port = 8001, securePort = 443, dataCenterInfo = com.netflix.appinfo.MyDataCenterInfo@11f5cd33] as "application/json"
2023-04-15T12:37:29.821+01:00 DEBUG 10516 --- [DiscoveryClient-InstanceInfoReplicator-0] o.s.web.client.RestTemplate              : Response 204 NO_CONTENT
2023-04-15T12:37:29.822+01:00  INFO 10516 --- [DiscoveryClient-InstanceInfoReplicator-0] com.netflix.discovery.DiscoveryClient    : DiscoveryClient_AUTHOR/host.docker.internal:Author:8001 - registration status: 204
2023-04-15T12:37:30.410+01:00  INFO 10516 --- [SpringApplicationShutdownHook] com.netflix.discovery.DiscoveryClient    : Shutting down DiscoveryClient ...
2023-04-15T12:37:33.418+01:00  INFO 10516 --- [SpringApplicationShutdownHook] com.netflix.discovery.DiscoveryClient    : Unregistering ...
2023-04-15T12:37:33.420+01:00 DEBUG 10516 --- [SpringApplicationShutdownHook] o.s.web.client.RestTemplate              : HTTP DELETE http://localhost:8761/eureka/apps/AUTHOR/host.docker.internal:Author:8001
2023-04-15T12:37:33.422+01:00 DEBUG 10516 --- [SpringApplicationShutdownHook] o.s.web.client.RestTemplate              : Accept=[application/json, application/*+json]
2023-04-15T12:37:33.428+01:00 DEBUG 10516 --- [SpringApplicationShutdownHook] o.s.web.client.RestTemplate              : Response 200 OK
2023-04-15T12:37:33.428+01:00  INFO 10516 --- [SpringApplicationShutdownHook] com.netflix.discovery.DiscoveryClient    : DiscoveryClient_AUTHOR/host.docker.internal:Author:8001 - deregister  status: 200
2023-04-15T12:37:33.435+01:00  INFO 10516 --- [SpringApplicationShutdownHook] com.netflix.discovery.DiscoveryClient    : Completed shut down of DiscoveryClient
